<?xml version="1.0" encoding="utf-8"?><testsuites name="pytest tests"><testsuite name="pytest" errors="0" failures="0" skipped="0" tests="12" time="1.953" timestamp="2026-03-17T15:45:44.269944+00:00" hostname="agent-env-c1b803ee-d5d2-4b52-941e-11de9d6ef365"><testcase classname="tests.test_apis.TestSubscribeAPI" name="test_subscribe_success" time="0.195" /><testcase classname="tests.test_apis.TestSubscribeAPI" name="test_subscribe_missing_fields" time="0.168" /><testcase classname="tests.test_apis.TestFlightInquiryAPI" name="test_flight_inquiry_round_trip" time="0.178" /><testcase classname="tests.test_apis.TestFlightInquiryAPI" name="test_flight_inquiry_one_way" time="0.153" /><testcase classname="tests.test_apis.TestFlightInquiryAPI" name="test_flight_inquiry_missing_fields" time="0.172" /><testcase classname="tests.test_apis.TestHotelInquiryAPI" name="test_hotel_inquiry_success" time="0.150" /><testcase classname="tests.test_apis.TestHotelInquiryAPI" name="test_hotel_inquiry_no_children" time="0.147" /><testcase classname="tests.test_apis.TestContactAPI" name="test_contact_with_phone" time="0.130" /><testcase classname="tests.test_apis.TestContactAPI" name="test_contact_without_phone" time="0.170" /><testcase classname="tests.test_apis.TestQuickInquiryAPI" name="test_quick_inquiry_full" time="0.136" /><testcase classname="tests.test_apis.TestQuickInquiryAPI" name="test_quick_inquiry_minimal" time="0.129" /><testcase classname="tests.test_apis.TestHealthCheck" name="test_root_endpoint" time="0.137" /></testsuite></testsuites>