<?xml version="1.0" encoding="utf-8"?><testsuites name="pytest tests"><testsuite name="pytest" errors="0" failures="0" skipped="0" tests="21" time="7.617" timestamp="2026-03-18T09:02:44.667352+00:00" hostname="agent-env-c0532df0-cf54-4d60-8209-0dcd2565fe16"><testcase classname="tests.test_dynamic_images.TestAdminLogin" name="test_admin_login_returns_token" time="0.160" /><testcase classname="tests.test_dynamic_images.TestPublicImagesAPI" name="test_get_images_by_section[hero]" time="0.134" /><testcase classname="tests.test_dynamic_images.TestPublicImagesAPI" name="test_get_images_by_section[gallery]" time="0.130" /><testcase classname="tests.test_dynamic_images.TestPublicImagesAPI" name="test_get_images_by_section[bohra-stays]" time="0.160" /><testcase classname="tests.test_dynamic_images.TestPublicImagesAPI" name="test_get_images_by_section[domestic-packages]" time="0.152" /><testcase classname="tests.test_dynamic_images.TestPublicImagesAPI" name="test_get_images_by_section[international-packages]" time="0.112" /><testcase classname="tests.test_dynamic_images.TestPublicImagesAPI" name="test_get_images_by_section[goa-hotels]" time="0.104" /><testcase classname="tests.test_dynamic_images.TestPublicImagesAPI" name="test_get_images_by_section[offers]" time="0.099" /><testcase classname="tests.test_dynamic_images.TestPublicImagesAPI" name="test_images_have_required_fields" time="0.474" /><testcase classname="tests.test_dynamic_images.TestImageUploadEndpoint" name="test_upload_with_section_and_label" time="0.226" /><testcase classname="tests.test_dynamic_images.TestImageUploadEndpoint" name="test_upload_to_all_valid_sections" time="1.727" /><testcase classname="tests.test_dynamic_images.TestImageUploadEndpoint" name="test_upload_requires_auth" time="0.108" /><testcase classname="tests.test_dynamic_images.TestFileServingEndpoint" name="test_serve_uploaded_file" time="0.409" /><testcase classname="tests.test_dynamic_images.TestFileServingEndpoint" name="test_serve_nonexistent_file_returns_404" time="0.114" /><testcase classname="tests.test_dynamic_images.TestAdminImagesEndpoint" name="test_get_all_images_with_auth" time="0.103" /><testcase classname="tests.test_dynamic_images.TestAdminImagesEndpoint" name="test_get_images_requires_auth" time="0.099" /><testcase classname="tests.test_dynamic_images.TestAdminImagesEndpoint" name="test_filter_images_by_section" time="0.106" /><testcase classname="tests.test_dynamic_images.TestImageDeleteEndpoint" name="test_soft_delete_image" time="0.450" /><testcase classname="tests.test_dynamic_images.TestImageDeleteEndpoint" name="test_delete_requires_auth" time="0.098" /><testcase classname="tests.test_dynamic_images.TestDynamicImageIntegration" name="test_upload_verify_public_and_serve_flow" time="2.102" /><testcase classname="tests.test_dynamic_images.TestDynamicImageIntegration" name="test_deleted_image_not_in_public_api" time="0.472" /></testsuite></testsuites>