<?xml version="1.0" encoding="utf-8"?><testsuites name="pytest tests"><testsuite name="pytest" errors="0" failures="0" skipped="0" tests="12" time="2.188" timestamp="2026-03-17T15:24:49.048023+00:00" hostname="agent-env-c1b803ee-d5d2-4b52-941e-11de9d6ef365"><testcase classname="backend.tests.test_apis.TestSubscribeAPI" name="test_subscribe_success" time="0.473" /><testcase classname="backend.tests.test_apis.TestSubscribeAPI" name="test_subscribe_missing_fields" time="0.158" /><testcase classname="backend.tests.test_apis.TestFlightInquiryAPI" name="test_flight_inquiry_round_trip" time="0.129" /><testcase classname="backend.tests.test_apis.TestFlightInquiryAPI" name="test_flight_inquiry_one_way" time="0.144" /><testcase classname="backend.tests.test_apis.TestFlightInquiryAPI" name="test_flight_inquiry_missing_fields" time="0.149" /><testcase classname="backend.tests.test_apis.TestHotelInquiryAPI" name="test_hotel_inquiry_success" time="0.145" /><testcase classname="backend.tests.test_apis.TestHotelInquiryAPI" name="test_hotel_inquiry_no_children" time="0.128" /><testcase classname="backend.tests.test_apis.TestContactAPI" name="test_contact_with_phone" time="0.130" /><testcase classname="backend.tests.test_apis.TestContactAPI" name="test_contact_without_phone" time="0.166" /><testcase classname="backend.tests.test_apis.TestQuickInquiryAPI" name="test_quick_inquiry_full" time="0.126" /><testcase classname="backend.tests.test_apis.TestQuickInquiryAPI" name="test_quick_inquiry_minimal" time="0.136" /><testcase classname="backend.tests.test_apis.TestHealthCheck" name="test_root_endpoint" time="0.149" /></testsuite></testsuites>