<?xml version="1.0" encoding="utf-8"?><testsuites name="pytest tests"><testsuite name="pytest" errors="0" failures="0" skipped="0" tests="22" time="11.760" timestamp="2026-03-17T16:05:47.667713+00:00" hostname="agent-env-c1b803ee-d5d2-4b52-941e-11de9d6ef365"><testcase classname="backend.tests.test_admin_apis.TestAdminLogin" name="test_admin_login_success" time="0.289" /><testcase classname="backend.tests.test_admin_apis.TestAdminLogin" name="test_admin_login_wrong_password" time="0.185" /><testcase classname="backend.tests.test_admin_apis.TestAdminLogin" name="test_admin_login_empty_password" time="0.150" /><testcase classname="backend.tests.test_admin_apis.TestAdminLogin" name="test_admin_login_missing_password" time="0.145" /><testcase classname="backend.tests.test_admin_apis.TestAdminStatsWithAuth" name="test_admin_stats_success" time="0.320" /><testcase classname="backend.tests.test_admin_apis.TestAdminStatsWithAuth" name="test_admin_stats_no_auth" time="0.260" /><testcase classname="backend.tests.test_admin_apis.TestAdminStatsWithAuth" name="test_admin_stats_invalid_token" time="0.281" /><testcase classname="backend.tests.test_admin_apis.TestAdminInquiries" name="test_get_inquiries_success" time="0.339" /><testcase classname="backend.tests.test_admin_apis.TestAdminInquiries" name="test_get_inquiries_no_auth" time="0.283" /><testcase classname="backend.tests.test_admin_apis.TestAdminSubscriptions" name="test_get_subscriptions_success" time="0.381" /><testcase classname="backend.tests.test_admin_apis.TestAdminSubscriptions" name="test_get_subscriptions_no_auth" time="0.298" /><testcase classname="backend.tests.test_admin_apis.TestAdminImages" name="test_get_images_all" time="0.267" /><testcase classname="backend.tests.test_admin_apis.TestAdminImages" name="test_get_images_by_section" time="0.380" /><testcase classname="backend.tests.test_admin_apis.TestAdminImages" name="test_get_images_no_auth" time="0.289" /><testcase classname="backend.tests.test_admin_apis.TestAdminImages" name="test_upload_image_success" time="0.545" /><testcase classname="backend.tests.test_admin_apis.TestAdminImages" name="test_upload_image_different_sections" time="1.786" /><testcase classname="backend.tests.test_admin_apis.TestAdminImages" name="test_upload_no_auth" time="0.324" /><testcase classname="backend.tests.test_admin_apis.TestAdminImageDelete" name="test_delete_image_success" time="0.735" /><testcase classname="backend.tests.test_admin_apis.TestAdminImageDelete" name="test_delete_image_not_found" time="0.636" /><testcase classname="backend.tests.test_admin_apis.TestAdminImageDelete" name="test_delete_image_no_auth" time="0.535" /><testcase classname="backend.tests.test_admin_apis.TestFileServing" name="test_serve_file_success" time="0.694" /><testcase classname="backend.tests.test_admin_apis.TestFileServing" name="test_serve_file_not_found" time="2.549" /></testsuite></testsuites>