<?xml version="1.0" encoding="utf-8"?><testsuites name="pytest tests"><testsuite name="pytest" errors="0" failures="0" skipped="0" tests="14" time="4.291" timestamp="2026-03-18T09:38:53.602846+00:00" hostname="agent-env-c0532df0-cf54-4d60-8209-0dcd2565fe16"><testcase classname="backend.tests.test_bohra_stay_content.TestPublicBohraStayEndpoints" name="test_get_bohra_stay_types_public" time="0.914" /><testcase classname="backend.tests.test_bohra_stay_content.TestPublicBohraStayEndpoints" name="test_get_bohra_stay_options_public" time="0.130" /><testcase classname="backend.tests.test_bohra_stay_content.TestAdminBohraStayAuthentication" name="test_admin_post_bohra_stay_type_no_auth" time="0.100" /><testcase classname="backend.tests.test_bohra_stay_content.TestAdminBohraStayAuthentication" name="test_admin_post_bohra_stay_option_no_auth" time="0.133" /><testcase classname="backend.tests.test_bohra_stay_content.TestCreateBohraStayType" name="test_create_bohra_stay_type_private_villa_common" time="0.208" /><testcase classname="backend.tests.test_bohra_stay_content.TestCreateBohraStayType" name="test_create_bohra_stay_type_private_pool" time="0.106" /><testcase classname="backend.tests.test_bohra_stay_content.TestCreateBohraStayType" name="test_create_bohra_stay_type_apartments" time="0.100" /><testcase classname="backend.tests.test_bohra_stay_content.TestCreateBohraStayOption" name="test_create_bohra_stay_option_2bhk" time="0.110" /><testcase classname="backend.tests.test_bohra_stay_content.TestCreateBohraStayOption" name="test_create_bohra_stay_option_3bhk" time="0.128" /><testcase classname="backend.tests.test_bohra_stay_content.TestBohraStayGetAndFilter" name="test_get_admin_content_bohra_stay_types" time="0.099" /><testcase classname="backend.tests.test_bohra_stay_content.TestBohraStayGetAndFilter" name="test_get_admin_content_bohra_stay_options" time="0.093" /><testcase classname="backend.tests.test_bohra_stay_content.TestBohraStayCRUDFullCycle" name="test_stay_type_crud_full_cycle" time="0.633" /><testcase classname="backend.tests.test_bohra_stay_content.TestBohraStayCRUDFullCycle" name="test_stay_option_crud_full_cycle" time="0.663" /><testcase classname="backend.tests.test_bohra_stay_content.TestBohraStayCleanup" name="test_cleanup_bohra_stay_test_content" time="0.723" /></testsuite></testsuites>