<?xml version="1.0" encoding="utf-8"?><testsuites name="pytest tests"><testsuite name="pytest" errors="0" failures="0" skipped="0" tests="17" time="3.210" timestamp="2026-03-18T09:28:45.975936+00:00" hostname="agent-env-c0532df0-cf54-4d60-8209-0dcd2565fe16"><testcase classname="backend.tests.test_content_manager.TestPublicContentEndpoints" name="test_get_domestic_packages_public" time="0.182" /><testcase classname="backend.tests.test_content_manager.TestPublicContentEndpoints" name="test_get_international_packages_public" time="0.102" /><testcase classname="backend.tests.test_content_manager.TestPublicContentEndpoints" name="test_get_goa_packages_public" time="0.118" /><testcase classname="backend.tests.test_content_manager.TestPublicContentEndpoints" name="test_get_testimonials_public" time="0.108" /><testcase classname="backend.tests.test_content_manager.TestPublicContentEndpoints" name="test_get_offers_public" time="0.102" /><testcase classname="backend.tests.test_content_manager.TestAdminContentAuthentication" name="test_admin_get_content_no_auth" time="0.130" /><testcase classname="backend.tests.test_content_manager.TestAdminContentAuthentication" name="test_admin_post_content_no_auth" time="0.098" /><testcase classname="backend.tests.test_content_manager.TestAdminContentCRUD" name="test_create_domestic_package" time="0.244" /><testcase classname="backend.tests.test_content_manager.TestAdminContentCRUD" name="test_create_testimonial" time="0.098" /><testcase classname="backend.tests.test_content_manager.TestAdminContentCRUD" name="test_create_offer" time="0.109" /><testcase classname="backend.tests.test_content_manager.TestAdminContentGetAndFilter" name="test_get_all_admin_content" time="0.131" /><testcase classname="backend.tests.test_content_manager.TestAdminContentGetAndFilter" name="test_get_admin_content_by_section" time="0.118" /><testcase classname="backend.tests.test_content_manager.TestContentUpdateAndDelete" name="test_content_crud_full_cycle" time="0.641" /><testcase classname="backend.tests.test_content_manager.TestContentEdgeCases" name="test_update_nonexistent_content" time="0.110" /><testcase classname="backend.tests.test_content_manager.TestContentEdgeCases" name="test_delete_nonexistent_content" time="0.096" /><testcase classname="backend.tests.test_content_manager.TestContentEdgeCases" name="test_create_goa_package" time="0.303" /><testcase classname="backend.tests.test_content_manager.TestContentCleanup" name="test_cleanup_test_content" time="0.419" /></testsuite></testsuites>